<?xml version="1.0" encoding="UTF-8"?>
<!-- Generated by org.testng.reporters.JUnitReportReporter -->
<testsuite hostname="LDPL-MAC-V7YHH6Y6L7.local" failures="0" tests="2" name="test.Verify_Login_Scenarios" time="3.587" errors="0" timestamp="2025-02-24T17:19:03 IST" skipped="0">
  <testcase classname="test.Verify_Login_Scenarios" name="verify_login" time="0.002"/>
  <system-out/>
  <testcase classname="test.Verify_Login_Scenarios" name="verify_logout" time="3.585"/>
  <system-out/>
</testsuite> <!-- test.Verify_Login_Scenarios -->
